[    0.000000] Initializing cgroup subsys cpuset
[    0.000000] Initializing cgroup subsys cpu
[    0.000000] Initializing cgroup subsys cpuacct
[    0.000000] Linux version 4.4.0-131-generic (buildd@lgw01-amd64-015) (gcc version 5.4.0 20160609 (Ubuntu 5.4.0-6ubuntu1~16.04.10) ) #157-Ubuntu SMP Thu Jul 12 15:51:36 UTC 2018 (Ubuntu 4.4.0-131.157-generic 4.4.134)
[    0.000000] Command line: BOOT_IMAGE=/boot/vmlinuz-4.4.0-131-generic root=LABEL=cloudimg-rootfs ro console=tty1 console=ttyS0
[    0.000000] KERNEL supported cpus:
[    0.000000]   Intel GenuineIntel
[    0.000000]   AMD AuthenticAMD
[    0.000000]   Centaur CentaurHauls
[    0.000000] x86/fpu: xstate_offset[2]:  576, xstate_sizes[2]:  256
[    0.000000] x86/fpu: Supporting XSAVE feature 0x01: 'x87 floating point registers'
[    0.000000] x86/fpu: Supporting XSAVE feature 0x02: 'SSE registers'
[    0.000000] x86/fpu: Supporting XSAVE feature 0x04: 'AVX registers'
[    0.000000] x86/fpu: Enabled xstate features 0x7, context size is 832 bytes, using 'standard' format.
[    0.000000] x86/fpu: Using 'eager' FPU context switches.
[    0.000000] e820: BIOS-provided physical RAM map:
[    0.000000] BIOS-e820: [mem 0x0000000000000000-0x000000000009fbff] usable
[    0.000000] BIOS-e820: [mem 0x000000000009fc00-0x000000000009ffff] reserved
[    0.000000] BIOS-e820: [mem 0x00000000000f0000-0x00000000000fffff] reserved
[    0.000000] BIOS-e820: [mem 0x0000000000100000-0x000000007ffeffff] usable
[    0.000000] BIOS-e820: [mem 0x000000007fff0000-0x000000007fffffff] ACPI data
[    0.000000] BIOS-e820: [mem 0x00000000fec00000-0x00000000fec00fff] reserved
[    0.000000] BIOS-e820: [mem 0x00000000fee00000-0x00000000fee00fff] reserved
[    0.000000] BIOS-e820: [mem 0x00000000fffc0000-0x00000000ffffffff] reserved
[    0.000000] NX (Execute Disable) protection: active
[    0.000000] SMBIOS 2.5 present.
[    0.000000] Hypervisor detected: KVM
[    0.000000] e820: last_pfn = 0x7fff0 max_arch_pfn = 0x400000000
[    0.000000] MTRR: Disabled
[    0.000000] x86/PAT: MTRRs disabled, skipping PAT initialization too.
[    0.000000] CPU MTRRs all blank - virtualized system.
[    0.000000] x86/PAT: Configuration [0-7]: WB  WT  UC- UC  WB  WT  UC- UC  
[    0.000000] found SMP MP-table at [mem 0x0009fff0-0x0009ffff] mapped at [ffff88000009fff0]
[    0.000000] Scanning 1 areas for low memory corruption
[    0.000000] RAMDISK: [mem 0x36aa0000-0x37547fff]
[    0.000000] ACPI: Early table checksum verification disabled
[    0.000000] ACPI: RSDP 0x00000000000E0000 000024 (v02 VBOX  )
[    0.000000] ACPI: XSDT 0x000000007FFF0030 00003C (v01 VBOX   VBOXXSDT 00000001 ASL  00000061)
[    0.000000] ACPI: FACP 0x000000007FFF00F0 0000F4 (v04 VBOX   VBOXFACP 00000001 ASL  00000061)
[    0.000000] ACPI: DSDT 0x000000007FFF0470 0021FF (v02 VBOX   VBOXBIOS 00000002 INTL 20100528)
[    0.000000] ACPI: FACS 0x000000007FFF0200 000040
[    0.000000] ACPI: FACS 0x000000007FFF0200 000040
[    0.000000] ACPI: APIC 0x000000007FFF0240 000054 (v02 VBOX   VBOXAPIC 00000001 ASL  00000061)
[    0.000000] ACPI: SSDT 0x000000007FFF02A0 0001CC (v01 VBOX   VBOXCPUT 00000002 INTL 20100528)
[    0.000000] No NUMA configuration found
[    0.000000] Faking a node at [mem 0x0000000000000000-0x000000007ffeffff]
[    0.000000] NODE_DATA(0) allocated [mem 0x7ffeb000-0x7ffeffff]
[    0.000000] kvm-clock: Using msrs 4b564d01 and 4b564d00
[    0.000000] kvm-clock: cpu 0, msr 0:7ffe3001, primary cpu clock
[    0.000000] kvm-clock: using sched offset of 3096584420 cycles
[    0.000000] clocksource: kvm-clock: mask: 0xffffffffffffffff max_cycles: 0x1cd42e4dffb, max_idle_ns: 881590591483 ns
[    0.000000] Zone ranges:
[    0.000000]   DMA      [mem 0x0000000000001000-0x0000000000ffffff]
[    0.000000]   DMA32    [mem 0x0000000001000000-0x000000007ffeffff]
[    0.000000]   Normal   empty
[    0.000000]   Device   empty
[    0.000000] Movable zone start for each node
[    0.000000] Early memory node ranges
[    0.000000]   node   0: [mem 0x0000000000001000-0x000000000009efff]
[    0.000000]   node   0: [mem 0x0000000000100000-0x000000007ffeffff]
[    0.000000] Initmem setup node 0 [mem 0x0000000000001000-0x000000007ffeffff]
[    0.000000] ACPI: PM-Timer IO Port: 0x4008
[    0.000000] IOAPIC[0]: apic_id 1, version 32, address 0xfec00000, GSI 0-23
[    0.000000] ACPI: INT_SRC_OVR (bus 0 bus_irq 0 global_irq 2 dfl dfl)
[    0.000000] ACPI: INT_SRC_OVR (bus 0 bus_irq 9 global_irq 9 low level)
[    0.000000] Using ACPI (MADT) for SMP configuration information
[    0.000000] smpboot: Allowing 1 CPUs, 0 hotplug CPUs
[    0.000000] PM: Registered nosave memory: [mem 0x00000000-0x00000fff]
[    0.000000] PM: Registered nosave memory: [mem 0x0009f000-0x0009ffff]
[    0.000000] PM: Registered nosave memory: [mem 0x000a0000-0x000effff]
[    0.000000] PM: Registered nosave memory: [mem 0x000f0000-0x000fffff]
[    0.000000] e820: [mem 0x80000000-0xfebfffff] available for PCI devices
[    0.000000] Booting paravirtualized kernel on KVM
[    0.000000] clocksource: refined-jiffies: mask: 0xffffffff max_cycles: 0xffffffff, max_idle_ns: 7645519600211568 ns
[    0.000000] setup_percpu: NR_CPUS:512 nr_cpumask_bits:512 nr_cpu_ids:1 nr_node_ids:1
[    0.000000] PERCPU: Embedded 34 pages/cpu @ffff88007fc00000 s99544 r8192 d31528 u2097152
[    0.000000] PV qspinlock hash table entries: 256 (order: 0, 4096 bytes)
[    0.000000] Built 1 zonelists in Node order, mobility grouping on.  Total pages: 515960
[    0.000000] Policy zone: DMA32
[    0.000000] Kernel command line: BOOT_IMAGE=/boot/vmlinuz-4.4.0-131-generic root=LABEL=cloudimg-rootfs ro console=tty1 console=ttyS0
[    0.000000] PID hash table entries: 4096 (order: 3, 32768 bytes)
[    0.000000] Memory: 2033932K/2096696K available (8546K kernel code, 1313K rwdata, 4000K rodata, 1516K init, 1316K bss, 62764K reserved, 0K cma-reserved)
[    0.000000] SLUB: HWalign=64, Order=0-3, MinObjects=0, CPUs=1, Nodes=1
[    0.000000] Kernel/User page tables isolation: enabled
[    0.000000] Hierarchical RCU implementation.
[    0.000000] 	Build-time adjustment of leaf fanout to 64.
[    0.000000] 	RCU restricting CPUs from NR_CPUS=512 to nr_cpu_ids=1.
[    0.000000] RCU: Adjusting geometry for rcu_fanout_leaf=64, nr_cpu_ids=1
[    0.000000] NR_IRQS:33024 nr_irqs:256 16
[    0.000000] Console: colour VGA+ 80x25
[    0.000000] console [tty1] enabled
[    0.000000] console [ttyS0] enabled
[    0.000000] tsc: Detected 3696.004 MHz processor
[    0.610365] Calibrating delay loop (skipped) preset value.. 7392.00 BogoMIPS (lpj=14784016)
[    0.611428] pid_max: default: 32768 minimum: 301
[    0.612312] ACPI: Core revision 20150930
[    0.613463] ACPI: 2 ACPI AML tables successfully acquired and loaded
[    0.614396] Security Framework initialized
[    0.614930] Yama: becoming mindful.
[    0.615405] AppArmor: AppArmor initialized
[    0.619164] Dentry cache hash table entries: 262144 (order: 9, 2097152 bytes)
[    0.620150] Inode-cache hash table entries: 131072 (order: 8, 1048576 bytes)
[    0.651254] Mount-cache hash table entries: 4096 (order: 3, 32768 bytes)
[    0.696792] Mountpoint-cache hash table entries: 4096 (order: 3, 32768 bytes)
[    0.697676] Initializing cgroup subsys io
[    0.698197] Initializing cgroup subsys memory
[    0.698767] Initializing cgroup subsys devices
[    0.699305] Initializing cgroup subsys freezer
[    0.699844] Initializing cgroup subsys net_cls
[    0.700382] Initializing cgroup subsys perf_event
[    0.700943] Initializing cgroup subsys net_prio
[    0.701489] Initializing cgroup subsys hugetlb
[    0.702036] Initializing cgroup subsys pids
[    0.702627] CPU: Physical Processor ID: 0
[    0.704051] mce: CPU supports 0 MCE banks
[    0.704688] process: using mwait in idle threads
[    0.705245] Last level iTLB entries: 4KB 64, 2MB 8, 4MB 8
[    0.724407] Last level dTLB entries: 4KB 64, 2MB 0, 4MB 0, 1GB 4
[    0.782767] Spectre V2 : Mitigation: Full generic retpoline
[    0.783434] Spectre V2 : Speculation control IBPB not-supported IBRS not-supported
[    0.784224] Spectre V2 : Filling RSB on context switch
[    0.785007] Speculative Store Bypass: Vulnerable
[    0.798304] Freeing SMP alternatives memory: 32K
[    0.804936] ftrace: allocating 32245 entries in 126 pages
[    0.845128] smpboot: APIC(0) Converting physical 0 to logical package 0
[    0.886539] smpboot: Max logical packages: 1
[    0.887257] x2apic enabled
[    0.898143] Switched APIC routing to physical x2apic.
[    0.899526] ..TIMER: vector=0x30 apic1=0 pin1=2 apic2=-1 pin2=-1
[    1.006004] smpboot: CPU0: Intel(R) Core(TM) i7-8700K CPU @ 3.70GHz (family: 0x6, model: 0x9e, stepping: 0xa)
[    1.049785] Performance Events: unsupported p6 CPU model 158 no PMU driver, software events only.
[    1.050996] KVM setup paravirtual spinlock
[    1.052031] x86: Booted up 1 node, 1 CPUs
[    1.052635] smpboot: Total of 1 processors activated (7392.00 BogoMIPS)
[    1.065094] devtmpfs: initialized
[    1.080175] evm: security.selinux
[    1.121620] evm: security.SMACK64
[    1.146026] evm: security.SMACK64EXEC
[    1.155428] evm: security.SMACK64TRANSMUTE
[    1.168387] evm: security.SMACK64MMAP
[    1.234775] evm: security.ima
[    1.235279] evm: security.capability
[    1.235883] clocksource: jiffies: mask: 0xffffffff max_cycles: 0xffffffff, max_idle_ns: 7645041785100000 ns
[    1.237081] futex hash table entries: 256 (order: 2, 16384 bytes)
[    1.251528] pinctrl core: initialized pinctrl subsystem
[    1.252221] RTC time: 21:09:39, date: 09/12/18
[    1.252855] NET: Registered protocol family 16
[    1.297207] cpuidle: using governor ladder
[    1.297733] cpuidle: using governor menu
[    1.298243] PCCT header not found.
[    1.298741] ACPI: bus type PCI registered
[    1.299278] acpiphp: ACPI Hot Plug PCI Controller Driver version: 0.5
[    1.333572] PCI: Using configuration type 1 for base access
[    1.361620] ACPI: Added _OSI(Module Device)
[    1.405912] ACPI: Added _OSI(Processor Device)
[    1.453435] ACPI: Added _OSI(3.0 _SCP Extensions)
[    1.454046] ACPI: Added _OSI(Processor Aggregator Device)
[    1.455229] ACPI: Executed 1 blocks of module-level executable AML code
[    1.457422] ACPI: Interpreter enabled
[    1.459200] ACPI: (supports S0 S5)
[    1.459660] ACPI: Using IOAPIC for interrupt routing
[    1.470100] PCI: Using host bridge windows from ACPI; if necessary, use "pci=nocrs" and report a bug
[    1.473295] ACPI: PCI Root Bridge [PCI0] (domain 0000 [bus 00-ff])
[    1.489733] acpi PNP0A03:00: _OSC: OS supports [ASPM ClockPM Segments MSI]
[    1.490544] acpi PNP0A03:00: _OSC: not requesting OS control; OS requires [ExtendedConfig ASPM ClockPM MSI]
[    1.491676] acpi PNP0A03:00: fail to add MMCONFIG information, can't access extended PCI configuration space under this bridge.
[    1.493202] PCI host bridge to bus 0000:00
[    1.493718] pci_bus 0000:00: root bus resource [io  0x0000-0x0cf7 window]
[    1.500435] pci_bus 0000:00: root bus resource [io  0x0d00-0xffff window]
[    1.501273] pci_bus 0000:00: root bus resource [mem 0x000a0000-0x000bffff window]
[    1.502202] pci_bus 0000:00: root bus resource [mem 0x80000000-0xfdffffff window]
[    1.503142] pci_bus 0000:00: root bus resource [bus 00-ff]
[    1.505097] pci 0000:00:01.1: legacy IDE quirk: reg 0x10: [io  0x01f0-0x01f7]
[    1.546396] pci 0000:00:01.1: legacy IDE quirk: reg 0x14: [io  0x03f6]
[    1.547125] pci 0000:00:01.1: legacy IDE quirk: reg 0x18: [io  0x0170-0x0177]
[    1.548099] pci 0000:00:01.1: legacy IDE quirk: reg 0x1c: [io  0x0376]
[    1.567668] pci 0000:00:07.0: quirk: [io  0x4000-0x403f] claimed by PIIX4 ACPI
[    1.620559] pci 0000:00:07.0: quirk: [io  0x4100-0x410f] claimed by PIIX4 SMB
[    1.641427] ACPI: PCI Interrupt Link [LNKA] (IRQs 5 9 10 *11)
[    1.694863] ACPI: PCI Interrupt Link [LNKB] (IRQs 5 9 *10 11)
[    1.695873] ACPI: PCI Interrupt Link [LNKC] (IRQs 5 *9 10 11)
[    1.696827] ACPI: PCI Interrupt Link [LNKD] (IRQs 5 9 10 *11)
[    1.704662] ACPI: Enabled 2 GPEs in block 00 to 07
[    1.706624] vgaarb: setting as boot device: PCI:0000:00:02.0
[    1.707278] vgaarb: device added: PCI:0000:00:02.0,decodes=io+mem,owns=io+mem,locks=none
[    1.708309] vgaarb: loaded
[    1.708710] vgaarb: bridge control possible 0000:00:02.0
[    1.709461] SCSI subsystem initialized
[    1.709986] ACPI: bus type USB registered
[    1.710512] usbcore: registered new interface driver usbfs
[    1.771368] usbcore: registered new interface driver hub
[    1.772079] usbcore: registered new device driver usb
[    1.828223] PCI: Using ACPI for IRQ routing
[    1.828939] NetLabel: Initializing
[    1.829397] NetLabel:  domain hash size = 128
[    1.852433] NetLabel:  protocols = UNLABELED CIPSOv4
[    1.858565] NetLabel:  unlabeled traffic allowed by default
[    1.859368] amd_nb: Cannot enumerate AMD northbridges
[    1.860020] clocksource: Switched to clocksource kvm-clock
[    1.870946] AppArmor: AppArmor Filesystem Enabled
[    1.871591] pnp: PnP ACPI init
[    1.905728] pnp: PnP ACPI: found 3 devices
[    1.911437] clocksource: acpi_pm: mask: 0xffffff max_cycles: 0xffffff, max_idle_ns: 2085701024 ns
[    1.941502] NET: Registered protocol family 2
[    1.942135] TCP established hash table entries: 16384 (order: 5, 131072 bytes)
[    1.943065] TCP bind hash table entries: 16384 (order: 6, 262144 bytes)
[    1.947397] TCP: Hash tables configured (established 16384 bind 16384)
[    2.033019] UDP hash table entries: 1024 (order: 3, 32768 bytes)
[    2.083268] UDP-Lite hash table entries: 1024 (order: 3, 32768 bytes)
[    2.154280] NET: Registered protocol family 1
[    2.154842] pci 0000:00:00.0: Limiting direct PCI/PCI transfers
[    2.155819] pci 0000:00:01.0: Activating ISA DMA hang workarounds
[    2.156694] Unpacking initramfs...
[    3.423416] Freeing initrd memory: 10912K
[    3.539981] platform rtc_cmos: registered platform RTC device (no PNP device found)
[    3.563098] Scanning for low memory corruption every 60 seconds
[    3.563961] audit: initializing netlink subsys (disabled)
[    3.607566] audit: type=2000 audit(1536786585.053:1): initialized
[    3.678140] Initialise system trusted keyring
[    3.678774] HugeTLB registered 2 MB page size, pre-allocated 0 pages
[    3.680407] zbud: loaded
[    3.681022] VFS: Disk quotas dquot_6.6.0
[    3.681579] VFS: Dquot-cache hash table entries: 512 (order 0, 4096 bytes)
[    3.682514] squashfs: version 4.0 (2009/01/31) Phillip Lougher
[    3.683307] fuse init (API version 7.23)
[    3.683879] Key type big_key registered
[    3.691306] Allocating IMA MOK and blacklist keyrings.
[    3.692096] Key type asymmetric registered
[    3.692680] Asymmetric key parser 'x509' registered
[    3.728600] Block layer SCSI generic (bsg) driver version 0.4 loaded (major 249)
[    3.731463] io scheduler noop registered
[    3.732001] io scheduler deadline registered (default)
[    3.734294] io scheduler cfq registered
[    3.734853] pci_hotplug: PCI Hot Plug PCI Core version: 0.5
[    3.735497] pciehp: PCI Express Hot Plug Controller Driver version: 0.4
[    3.750027] ACPI: AC Adapter [AC] (on-line)
[    3.750590] input: Power Button as /devices/LNXSYSTM:00/LNXPWRBN:00/input/input0
[    3.751514] ACPI: Power Button [PWRF]
[    3.752027] input: Sleep Button as /devices/LNXSYSTM:00/LNXSLPBN:00/input/input1
[    3.752965] ACPI: Sleep Button [SLPF]
[    3.753548] GHES: HEST is not enabled!
[    3.754086] Serial: 8250/16550 driver, 32 ports, IRQ sharing enabled
[    3.783123] 00:02: ttyS0 at I/O 0x3f8 (irq = 4, base_baud = 115200) is a 16550A
[    3.861902] Linux agpgart interface v0.103
[    3.862986] loop: module loaded
[    3.894642] scsi host0: ata_piix
[    3.895166] scsi host1: ata_piix
[    3.895625] ata1: PATA max UDMA/33 cmd 0x1f0 ctl 0x3f6 bmdma 0xd000 irq 14
[    3.896397] ata2: PATA max UDMA/33 cmd 0x170 ctl 0x376 bmdma 0xd008 irq 15
[    3.897370] libphy: Fixed MDIO Bus: probed
[    3.897889] tun: Universal TUN/TAP device driver, 1.6
[    3.898482] tun: (C) 1999-2004 Max Krasnyansky <maxk@qualcomm.com>
[    3.906374] PPP generic driver version 2.4.2
[    3.908265] ehci_hcd: USB 2.0 'Enhanced' Host Controller (EHCI) Driver
[    3.909087] ehci-pci: EHCI PCI platform driver
[    3.909638] ehci-platform: EHCI generic platform driver
[    3.910251] ohci_hcd: USB 1.1 'Open' Host Controller (OHCI) Driver
[    3.910982] ohci-pci: OHCI PCI platform driver
[    3.911556] ohci-platform: OHCI generic platform driver
[    3.912175] uhci_hcd: USB Universal Host Controller Interface driver
[    3.912965] i8042: PNP: PS/2 Controller [PNP0303:PS2K,PNP0f03:PS2M] at 0x60,0x64 irq 1,12
[    3.914294] serio: i8042 KBD port at 0x60,0x64 irq 1
[    3.914887] serio: i8042 AUX port at 0x60,0x64 irq 12
[    3.915543] mousedev: PS/2 mouse device common for all mice
[    3.916366] input: AT Translated Set 2 keyboard as /devices/platform/i8042/serio0/input/input2
[    3.917637] rtc_cmos rtc_cmos: rtc core: registered rtc_cmos as rtc0
[    3.918419] rtc_cmos rtc_cmos: alarms up to one day, 114 bytes nvram
[    3.919292] i2c /dev entries driver
[    3.919796] device-mapper: uevent: version 1.0.3
[    3.920576] device-mapper: ioctl: 4.34.0-ioctl (2015-10-28) initialised: dm-devel@redhat.com
[    3.923090] ledtrig-cpu: registered to indicate activity on CPUs
[    3.924361] NET: Registered protocol family 10
[    4.034824] NET: Registered protocol family 17
[    4.047711] Key type dns_resolver registered
[    4.048382] registered taskstats version 1
[    4.048927] Loading compiled-in X.509 certificates
[    4.111416] Loaded X.509 cert 'Build time autogenerated kernel key: 8f274abdf49cd12572c1533a34d1eafea768213f'
[    4.173169] zswap: loaded using pool lzo/zbud
[    4.217175] Key type trusted registered
[    4.219176] Key type encrypted registered
[    4.235118] AppArmor: AppArmor sha1 policy hashing enabled
[    4.235759] ima: No TPM chip found, activating TPM-bypass!
[    4.236403] ima: Allocated hash algorithm: sha1
[    4.237021] evm: HMAC attrs: 0x1
[    4.237748]   Magic number: 2:764:196
[    4.238273] rtc_cmos rtc_cmos: setting system clock to 2018-09-12 21:09:42 UTC (1536786582)
[    4.239351] BIOS EDD facility v0.16 2004-Jun-25, 0 devices found
[    4.245911] EDD information not available.
[    4.247233] Freeing unused kernel memory: 1516K
[    4.256113] Write protecting the kernel read-only data: 14336k
[    4.270434] Freeing unused kernel memory: 1680K
[    4.271169] Freeing unused kernel memory: 96K
Loading, please wait...
starting version 229
[    4.279081] random: udevadm: uninitialized urandom read (16 bytes read, 3 bits of entropy available)
[    4.292326] random: systemd-udevd: uninitialized urandom read (16 bytes read, 3 bits of entropy available)
[    4.327178] random: udevadm: uninitialized urandom read (16 bytes read, 3 bits of entropy available)
[    4.334984] random: udevadm: uninitialized urandom read (16 bytes read, 3 bits of entropy available)
[    4.343442] random: udevadm: uninitialized urandom read (16 bytes read, 3 bits of entropy available)
[    4.344779] random: udevadm: uninitialized urandom read (16 bytes read, 3 bits of entropy available)
[    4.345963] random: udevadm: uninitialized urandom read (16 bytes read, 3 bits of entropy available)
[    4.347134] random: udevadm: uninitialized urandom read (16 bytes read, 3 bits of entropy available)
[    4.348287] random: udevadm: uninitialized urandom read (16 bytes read, 3 bits of entropy available)
[    4.349520] random: systemd-udevd: uninitialized urandom read (16 bytes read, 3 bits of entropy available)
[    4.390367] e1000: Intel(R) PRO/1000 Network Driver - version 7.3.21-k8-NAPI
[    4.392540] e1000: Copyright (c) 1999-2006 Intel Corporation.
[    4.398276] Fusion MPT base driver 3.04.20
[    4.429279] Copyright (c) 1999-2008 LSI Corporation
[    4.451668] AVX2 version of gcm_enc/dec engaged.
[    4.452347] AES CTR mode by8 optimization enabled
[    4.521876] Fusion MPT SPI Host driver 3.04.20
[    4.538200] tsc: Refined TSC clocksource calibration: 3697.454 MHz
[    4.545880] clocksource: tsc: mask: 0xffffffffffffffff max_cycles: 0x6a97e3f95a7, max_idle_ns: 881590970660 ns
[    4.635893] input: ImExPS/2 Generic Explorer Mouse as /devices/platform/i8042/serio1/input/input4
[    4.863423] e1000 0000:00:03.0 eth0: (PCI:33MHz:32-bit) 02:1d:ce:99:1f:8c
[    4.910655] e1000 0000:00:03.0 eth0: Intel(R) PRO/1000 Network Connection
[    4.911816] mptbase: ioc0: Initiating bringup
[    4.976751] ioc0: LSI53C1030 A0: Capabilities={Initiator}
[    5.145951] scsi host2: ioc0: LSI53C1030 A0, FwRev=00000000h, Ports=1, MaxQ=256, IRQ=20
[    5.329347] scsi 2:0:0:0: Direct-Access     VBOX     HARDDISK         1.0  PQ: 0 ANSI: 5
[    5.368405] scsi target2:0:0: Beginning Domain Validation
[    5.369713] scsi target2:0:0: Domain Validation skipping write tests
[    5.370451] scsi target2:0:0: Ending Domain Validation
[    5.371068] scsi target2:0:0: asynchronous
[    5.372239] scsi 2:0:1:0: Direct-Access     VBOX     HARDDISK         1.0  PQ: 0 ANSI: 5
[    5.412483] scsi target2:0:1: Beginning Domain Validation
[    5.562655] scsi target2:0:1: Domain Validation skipping write tests
[    5.642460] scsi target2:0:1: Ending Domain Validation
[    5.873873] scsi target2:0:1: asynchronous
[    5.922340] sd 2:0:0:0: Attached scsi generic sg0 type 0
[    5.927319] sd 2:0:0:0: [sda] 20971520 512-byte logical blocks: (10.7 GB/10.0 GiB)
[    5.996755] sd 2:0:1:0: [sdb] 20480 512-byte logical blocks: (10.5 MB/10.0 MiB)
[    5.997752] sd 2:0:1:0: [sdb] Write Protect is off
[    5.998412] sd 2:0:1:0: [sdb] Incomplete mode parameter data
[    5.999058] sd 2:0:1:0: [sdb] Assuming drive cache: write through
[    6.054849] sd 2:0:1:0: Attached scsi generic sg1 type 0
[    6.062375] e1000 0000:00:08.0 eth1: (PCI:33MHz:32-bit) 08:00:27:fc:06:3e
[    6.099082] e1000 0000:00:08.0 eth1: Intel(R) PRO/1000 Network Connection
[    6.151777] sd 2:0:0:0: [sda] Write Protect is off
[    6.152466] sd 2:0:0:0: [sda] Incomplete mode parameter data
[    6.153199] sd 2:0:0:0: [sda] Assuming drive cache: write through
[    6.155165] e1000 0000:00:08.0 enp0s8: renamed from eth1
[    6.156761] e1000 0000:00:03.0 enp0s3: renamed from eth0
[    6.162013]  sda: sda1
[    6.222519] sd 2:0:0:0: [sda] Attached SCSI disk
[    6.285330] sd 2:0:1:0: [sdb] Attached SCSI disk
Begin: Loading e[    7.544683] md: linear personality registered for level -1
ssential drivers ... [    7.598151] md: multipath personality registered for level -4
[    7.600338] md: raid0 personality registered for level 0
[    7.618769] md: raid1 personality registered for level 1
[    7.708197] raid6: sse2x1   gen() 14585 MB/s
[    7.828752] raid6: sse2x1   xor()  9497 MB/s
[    7.904078] raid6: sse2x2   gen() 17812 MB/s
[    7.984097] raid6: sse2x2   xor() 12284 MB/s
[    8.064059] raid6: sse2x4   gen() 20228 MB/s
[    8.188068] raid6: sse2x4   xor() 13672 MB/s
[    8.336418] raid6: avx2x1   gen() 28874 MB/s
[    8.476483] raid6: avx2x2   gen() 33911 MB/s
[    8.552153] raid6: avx2x4   gen() 33755 MB/s
[    8.552800] raid6: using algorithm avx2x2 gen() 33911 MB/s
[    8.553462] raid6: using avx2x2 recovery algorithm
[    8.555441] xor: automatically using best checksumming function:
[    8.592128]    avx       : 31807.000 MB/sec
[    8.630782] async_tx: api initialized (async)
[    8.644593] md: raid6 personality registered for level 6
[    8.703819] md: raid5 personality registered for level 5
[    8.704460] md: raid4 personality registered for level 4
[    8.708721] md: raid10 personality registered for level 10
done.
Begin: Running /scripts/init-premount ... done.
Begin: Mounting root file system ... Begin: Running /scripts/local-top ... done.
Beg[    8.754535] Btrfs loaded
in: Running /scripts/local-premount ... Scanning for Btrfs filesystems
done.
[    8.821843] EXT4-fs (sda1): mounted filesystem with ordered data mode. Opts: (null)
Warning: fsck not present, so skipping root file system
done.
Begin: Running /scripts/local-bottom ... done.
Begin: Running /scripts/init-bottom ... done.
[    8.954968] systemd[1]: systemd 229 running in system mode. (+PAM +AUDIT +SELINUX +IMA +APPARMOR +SMACK +SYSVINIT +UTMP +LIBCRYPTSETUP +GCRYPT +GNUTLS +ACL +XZ -LZ4 +SECCOMP +BLKID +ELFUTILS +KMOD -IDN)
[    8.986575] systemd[1]: Detected virtualization oracle.
[    8.987193] systemd[1]: Detected architecture x86-64.

Welcome to [1mUbuntu 16.04.5 LTS[0m!

[    9.045607] systemd[1]: Set hostname to <ubuntu>.
[    9.048508] systemd[1]: Initializing machine ID from random generator.
[    9.050631] systemd[1]: Installed transient /etc/machine-id file.
[    9.125537] systemd[1]: Started Forward Password Requests to Wall Directory Watch.
[[0;32m  OK  [0m] Started Forward Password Requests to Wall Directory Watch.
[    9.132538] systemd[1]: Created slice User and Session Slice.
[[0;32m  OK  [0m] Created slice User and Session Slice.
[    9.134123] systemd[1]: Listening on Syslog Socket.
[[0;32m  OK  [0m] Listening on Syslog Socket.
[    9.135594] systemd[1]: Created slice System Slice.
[[0;32m  OK  [0m] Created slice System Slice.
[    9.137165] systemd[1]: Created slice system-serial\x2dgetty.slice.
[[0;32m  OK  [0m] Created slice system-serial\x2dgetty.slice.
[    9.138715] systemd[1]: Reached target Slices.
[[0;32m  OK  [0m] Reached target Slices.
[    9.139983] systemd[1]: Reached target User and Group Name Lookups.
[[0;32m  OK  [0m] Reached target User and Group Name Lookups.
[    9.236482] systemd[1]: Listening on LVM2 poll daemon socket.
[[0;32m  OK  [0m] Listening on LVM2 poll daemon socket.
[    9.285570] systemd[1]: Reached target Encrypted Volumes.
[[0;32m  OK  [0m] Reached target Encrypted Volumes.
[    9.287107] systemd[1]: Listening on LVM2 metadata daemon socket.
[[0;32m  OK  [0m] Listening on LVM2 metadata daemon socket.
[    9.288730] systemd[1]: Set up automount Arbitrary Executable File Formats File System Automount Point.
[[0;32m  OK  [0m] Set up automount Arbitrary Executab...ats File System Automount Point.
[    9.290808] systemd[1]: Listening on udev Kernel Socket.
[[0;32m  OK  [0m] Listening on udev Kernel Socket.
[    9.324281] systemd[1]: Listening on udev Control Socket.
[[0;32m  OK  [0m] Listening on udev Control Socket.
[    9.333616] systemd[1]: Reached target Swap.
[[0;32m  OK  [0m] Reached target Swap.
[    9.334972] systemd[1]: Listening on Journal Audit Socket.
[[0;32m  OK  [0m] Listening on Journal Audit Socket.
[    9.336434] systemd[1]: Listening on Device-mapper event daemon FIFOs.
[[0;32m  OK  [0m] Listening on Device-mapper event daemon FIFOs.
[    9.408256] systemd[1]: Listening on /dev/initctl Compatibility Named Pipe.
[[0;32m  OK  [0m] Listening on /dev/initctl Compatibility Named Pipe.
[    9.410029] systemd[1]: Listening on Journal Socket (/dev/log).
[[0;32m  OK  [0m] Listening on Journal Socket (/dev/log).
[    9.484384] systemd[1]: Reached target System Time Synchronized.
[[0;32m  OK  [0m] Reached target System Time Synchronized.
[    9.502444] systemd[1]: Listening on Journal Socket.
[[0;32m  OK  [0m] Listening on Journal Socket.
[    9.592068] systemd[1]: Starting Load Kernel Modules...
         [    9.615683] Loading iSCSI transport class v2.0-870.
Starting Load Kernel Modules...
[    9.618393] systemd[1]: Starting Journal Service...
         Starting Journal Service...[    9.619451] random: nonblocking pool is initialized

[    9.621058] systemd[1]: Mounting Debug File System...
         Mounting Debug File System...
[    9.632462] systemd[1]: Starting Monitoring of LVM2 mirrors, snapshots etc. using dmeventd or progress polling...
[    9.664455] iscsi: registered transport (tcp)
         Starting Monitoring of LVM2 mirrors... dmeventd or progress polling...
[    9.725163] systemd[1]: Starting Nameserver information manager...
         Starting Nameserver information manager...
[    9.726927] systemd[1]: Starting Set console keymap...
[    9.737749] iscsi: registered transport (iser)
         Starting Set console keymap...
[    9.774928] systemd[1]: Starting Uncomplicated firewall...
         Starting Uncomplicated firewall...
[    9.777990] systemd[1]: Starting Create list of required static device nodes for the current kernel...
         Starting Create list of required st... nodes for the current kernel...
[    9.786406] systemd[1]: Mounting Huge Pages File System...
         Mounting Huge Pages File System...
[    9.790341] systemd[1]: Mounting POSIX Message Queue File System...
         Mounting POSIX Message Queue File System...
[    9.821321] systemd[1]: Starting Remount Root and Kernel File Systems...
         Starting Remount Root and Kernel File Systems...
[    9.825035] systemd[1]: Started Trigger resolvconf update for networkd DNS.
[    9.869735] EXT4-fs (sda1): re-mounted. Opts: (null)
[[0;32m  OK  [0m] Started Trigger resolvconf update for networkd DNS.
[    9.873192] systemd[1]: Mounted POSIX Message Queue File System.
[[0;32m  OK  [0m] Mounted POSIX Message Queue File System.
[    9.874906] systemd[1]: Mounted Huge Pages File System.
[[0;32m  OK  [0m] Mounted Huge Pages File System.
[    9.876509] systemd[1]: Mounted Debug File System.
[[0;32m  OK  [0m] Mounted Debug File System.
[    9.909009] systemd[1]: Started Journal Service.
[[0;32m  OK  [0m] Started Journal Service.
[[0;32m  OK  [0m] Started Load Kernel Modules.
[[0;32m  OK  [0m] Started Set console keymap.
[[0;32m  OK  [0m] Started Uncomplicated firewall.
[[0;32m  OK  [0m] Started Create list of required sta...ce nodes for the current kernel.
[[0;32m  OK  [0m] Started Remount Root and Kernel File Systems.
[[0;32m  OK  [0m] Started Nameserver information manager.
[[0;32m  OK  [0m] Started LVM2 metadata daemon.
         Starting Load/Save Random Seed...
         Starting udev Coldplug all Devices...
         Starting Create Static Device Nodes in /dev...
         Starting Apply Kernel Variables...
         Mounting FUSE Control File System...
         Starting Flush Journal to Persistent Storage...
[[0;32m  OK  [0m] Started Monitoring of LVM2 mirrors,...ng dmeventd or progress polling.
[[0;32m  OK  [0m] Started Load/Save Random Seed.
[[0;32m  OK  [0m] Started Create Static Device Nodes in /dev.
[[0;32m  OK  [0m] Started Apply Kernel Variables.
[[0;32m  OK  [0m] Mounted FUSE Control File System.
[[0;32m  OK  [0m] Started udev Coldplug all Devices.
         Starting udev Kernel Device Manager...
[[0;32m  OK  [0m] Started Flush Journal to Persistent Storage.
[[0;32m  OK  [0m] Started udev Kernel Device Manager.
[[0;32m  OK  [0m] Reached target Local File Systems (Pre).
[[0;32m  OK  [0m] Reached target Local File Systems.
         Starting LSB: AppArmor initialization...
         Starting Tell Plymouth To Write Out Runtime Data...
         Starting Initial cloud-init job (pre-networking)...
         Starting Commit a transient machine-id on disk...
         Starting Set console font and keymap...
         Starting Create Volatile Files and Directories...
[[0;32m  OK  [0m] Started Dispatch Password Requests to Console Directory Watch.
[[0;32m  OK  [0m] Started Tell Plymouth To Write Out Runtime Data.
[[0;32m  OK  [0m] Started Commit a transient machine-id on disk.
[[0;32m  OK  [0m] Started Create Volatile Files and Directories.
[[0;32m  OK  [0m] Found device /dev/ttyS0.
         Starting Update UTMP about System Boot/Shutdown...
[[0;32m  OK  [0m] Listening on Load/Save RF Kill Switch Status /dev/rfkill Watch.
[[0;32m  OK  [0m] Started Update UTMP about System Boot/Shutdown.
[   10.346208] cloud-init[485]: Cloud-init v. 18.2 running 'init-local' at Wed, 12 Sep 2018 21:09:49 +0000. Up 10.01 seconds.
[[0;32m  OK  [0m] Started Initial cloud-init job (pre-networking).
[[0;32m  OK  [0m] Reached target Network (Pre).
[[0;32m  OK  [0m] Started Set console font and keymap.
[[0;32m  OK  [0m] Created slice system-getty.slice.
[[0;32m  OK  [0m] Started LSB: AppArmor initialization.
         Starting Raise network interfaces...
[[0;32m  OK  [0m] Started Raise network interfaces.
         Starting Initial cloud-init job (metadata service crawler)...
[[0;32m  OK  [0m] Reached target Network.
[   11.446836] cloud-init[940]: Cloud-init v. 18.2 running 'init' at Wed, 12 Sep 2018 21:09:50 +0000. Up 11.04 seconds.
[   11.448192] cloud-init[940]: ci-info: ++++++++++++++++++++++++++++++++++++++Net device info++++++++++++++++++++++++++++++++++++++
[   11.483448] cloud-init[940]: ci-info: +--------+-------+----------------------------+---------------+-------+-------------------+
[   11.634500] cloud-init[940]: ci-info: | Device |   Up  |          Address           |      Mask     | Scope |     Hw-Address    |
[   11.781339] cloud-init[940]: ci-info: +--------+-------+----------------------------+---------------+-------+-------------------+
[[0;32m  OK  [0m] Started Initial cloud-init job (metadata service crawler).
[   11.815905] cloud-init[940]: ci-info: | enp0s3 |  True |         10.0.2.15          | 255.255.255.0 |   .   | 02:1d:ce:99:1f:8c |
[   11.818318] cloud-init[940]: ci-info: | enp0s3 |  True | fe80::1d:ceff:fe99:1f8c/64 |       .       |  link | 02:1d:ce:99:1f:8c |
[   11.820764] cloud-init[940]: ci-info: | enp0s8 | False |             .              |       .       |   .   | 08:00:27:fc:06:3e |
[[0;32m  OK  [0m] Reached target Cloud-config availability.
[[0;32m  OK  [0m] Reached target Network is Online.
         Starting iSCSI initiator daemon (iscsid)...
[   11.825277] cloud-init[940]: ci-info: |   lo   |  True |         127.0.0.1          |   255.0.0.0   |   .   |         .         |
[   11.831369] cloud-init[940]: ci-info: |   lo   |  True |          ::1/128           |       .       |  host |         .         |
[   11.842361] cloud-init[940]: ci-info: +--------+-------+----------------------------+---------------+-------+-------------------+
[[0;32m  OK  [0m] Reached target System Initialization.
[[0;32m  OK  [0m] Listening on D-Bus System Message Bus Socket.
[[0;32m  OK  [0m] Listening on ACPID Listen Socket.
[[0;32m  OK  [0m] Started Daily Cleanup of Temporary Directories.
[   11.846807] cloud-init[940]: ci-info: +++++++++++++++++++++++++++Route IPv4 info++++++++++++++++++++++++++++
[   11.850474]          Starting LXD - unix socket.
[[0;32m  OK  [0m] Started Daily apt download activities.
[[0;32m  OK  [0m] Started Daily apt upgrade and clean activities.
[[0;32m  OK  [0m] Reached target Timers.
cloud-init[940]: ci-info: +-------+-------------+----------+---------------+-----------+-------+
[[0;32m  OK  [0m] Started ACPI Events Check.
[   11.885824] cloud-init[940]: ci-info: | Route | Destination | Gateway  |    Genmask    | Interface | Flags |
[   11.887975] cloud-init[940]: ci-info: +-------+-------------+----------+---------------+-----------+-------+
[[0;32m  OK  [0m] Reached target Paths.
[   11.900148] cloud-init[940]: ci-info: |   0   |   0.0.0.0   | 10.0.2.2 |    0.0.0.0    |   enp0s3  |   UG  |
[[0;32m  OK  [0m] Listening on UUID daemon activation socket.
         Starting Socket activation for snappy daemon.
[   11.923846] cloud-init[940]: ci-info: |   1   |   10.0.2.0  | 0.0.0.0  | 255.255.255.0 |   enp0s3  |   U   |
[[0;32m  OK  [0m] Listening on LXD - unix socket.
[   11.930540] cloud-init[940]: ci-info: +-------+-------------+----------+---------------+-----------+-------+
[[0;32m  OK  [0m] Listening on Socket activation for snappy daemon.
[   11.933214] cloud-init[940]: Generating public/private rsa key pair.
[   11.952354] cloud-init[940]: Your identification has been saved in /etc/ssh/ssh_host_rsa_key.
[[0;32m  OK  [0m] Started iSCSI initiator daemon (iscsid).
[   11.954425] cloud-init[940]: Your public key has been saved in /etc/ssh/ssh_host_rsa_key.pub.
[   11.956330] cloud-init[940]: The key fingerprint is:
[   11.957597] cloud-init[940]: SHA256:rTDvHXgJAO6QkA9ExlkNCid88gQcrXUvSQVlw96nknk root@ubuntu-xenial
[   11.976091] cloud-init[940]: The key's randomart image is:
         Starting Login to default iSCSI targets...
[[0;32m  OK  [0m] Reached target Sockets.
[[0;32m  OK  [0m] Reached target Basic System.
[   12.050380] cloud-init[940]: +---[RSA 2048]----+
[   12.090353] cloud-init[940]: |XBBo+.==         |
[   12.091136] cloud-init[940]: |=X.B =...        |
         Starting LSB: Record successful boot for GRUB...
         Starting System Logging Service...
[[0;32m  OK  [0m] Started Regular background program processing daemon.
         Starting Login Service...
         Starting Virtualbox guest utils...
         Starting Accounts Service...
[   12.093611] cloud-init[940]: | +X + = .        |
[[0;32m  OK  [0m] Started ACPI event daemon.
[[0;32m  OK  [0m] Started Deferred execution scheduler.
[   12.312017] cloud-init[940]: | ..+ o + o .     |
[   12.330660] cloud-init[940]: |    . + S +      |
[   12.332108] cloud-init[940]:          Starting Pollinate to seed the pseudo random number generator...
[[0;32m  OK  [0m] Started FUSE filesystem for LXC.
[[0;32m  OK  [0m] Started D-Bus System Message Bus.
|       B E .     |
[   12.350943] cloud-init[940]: |        * +      |
[   12.353808] cloud-init[940]: |       . o .     |
         Starting /etc/rc.local Compatibility...
         Starting Apply the settings specified in cloud-config...
         Starting Snappy daemon...
[   12.375519] cloud-init[940]: |        . .      |
[[0;32m  OK  [0m] Started Unattended Upgrades Shutdown.
         Starting LXD - container startup/shutdown...
         Starting LSB: MD monitoring daemon...
[[0;32m  OK  [0m] Started System Logging Service.
[   12.393078] cloud-init[940]: +----[SHA256]-----+
[[0;32m  OK  [0m] Started /etc/rc.local Compatibility.
[[0;32m  OK  [0m] Started LXD - container startup/shutdown.
[   12.687663] cloud-init[940]: Generating public/private dsa key pair.
[   12.712291] cloud-init[940]: Your identification has been saved in /etc/ssh/ssh_host_dsa_key.
[   12.838717] cloud-init[940]: Your public key has been saved in /etc/ssh/ssh_host_dsa_key.pub.
[[0;32m  OK  [0m] Started LSB: Record successful boot for GRUB.
[[0;32m  OK  [0m] Started Virtualbox guest utils.
[[0;32m  OK  [0m] Started Snappy daemon.
[[0;32m  OK  [0m] Started Login to default iSCSI targets.
[   12.888084] cloud-init[940]: The key fingerprint is:
         Starting Authenticate and Authorize Users to Run Privileged Tasks...
[[0;32m  OK  [0m] Reached target Remote File Systems (Pre).
[[0;32m  OK  [0m] Reached target Remote File Systems.
         Starting LSB: Set the CPU Frequency Scaling governor to "ondemand"...
         Starting LSB: automatic crash report generation...
         Starting Permit User Sessions...
         Starting LSB: daemon to balance interrupts for SMP systems...
         Starting Wait until snapd is fully seeded...
[[0;32m  OK  [0m] Started Pollinate to seed the pseudo random number generator.
[[0;32m  OK  [0m] Started LSB: MD monitoring daemon.
[   13.164769] cloud-init[940]: SHA256:VPPsJFdvRoJFayHs7ZWaLwYn6LvRtvo9aoE9dab8NHk root@ubuntu-xenial
[[0;32m  OK  [0m] Started Permit User Sessions.
[[0;32m  OK  [0m] Started Login Service.
[[0;32m  OK  [0m] Started Authenticate and Authorize Users to Run Privileged Tasks.
[[0;32m  OK  [0m] Started Accounts Service.
[   14.132686] cloud-init[940]: The key's randomart image is:
[[0;32m  OK  [0m[   14.328204] cloud-init[940]: +---[DSA 1024]----+
[   14.328460] cloud-init[940]: |          o..+* .|
[   14.328493] cloud-init[940]: |         . +oo * |
[   14.328517] cloud-init[940]: |        . ..=.o =|
[   14.328538] cloud-init[940]: |       .   =.o.*.|
[   14.328562] cloud-init[940]: |        S + +.*..|
[   14.328584] cloud-init[940]: |         o.* *.+E|
[   14.328604] cloud-init[940]: |        .. o* + o|
[   14.328638] cloud-init[940]: |         .o.o+ o |
[   14.328691] cloud-init[940]: |         +*+o.o  |
[   14.328713] cloud-init[940]: +----[SHA256]-----+
[   14.328734] cloud-init[940]: Generating public/private ecdsa key pair.
[   14.328754] cloud-init[940]: Your identification has been saved in /etc/ssh/ssh_host_ecdsa_key.
[   14.328789] cloud-init[940]: Your public key has been saved in /etc/ssh/ssh_host_ecdsa_key.pub.
[   14.328810] cloud-init[940]: The key fingerprint is:
[   14.328830] cloud-init[940]: SHA256:kZz3I0Ybg9Rw8WmWKIOFvTpiTlKhuc663a6EgYTzF5s root@ubuntu-xenial
[   14.328852] cloud-init[940]: The key's randomart image is:
[   14.328873] cloud-init[940]: +---[ECDSA 256]---+
[   14.328893] cloud-init[940]: |       o+oo.     |
[   14.328913] cloud-init[940]: |.   . .=.=.o o   |
[   14.328933] cloud-init[940]: |o. o... O.* *    |
[   14.328953] cloud-init[940]: |ooo .+  .* B     |
[   14.328975] cloud-init[940]: |o .oE  .S + o    |
[   14.328995] cloud-init[940]: | oo.+ o  . . .   |
[   14.329014] cloud-init[940]: |.o.= . .         |
[   14.329035] cloud-init[940]: | oo..            |
[   14.329055] cloud-init[940]: |ooooo            |
[   14.329076] cloud-init[940]: +----[SHA256]-----+
[   14.329096] cloud-init[940]: Generating public/private ed25519 key pair.
[   14.329117] cloud-init[940]: Your identification has been saved in /etc/ssh/ssh_host_ed25519_key.
[   14.329137] cloud-init[940]: Your public key has been saved in /etc/ssh/ssh_host_ed25519_key.pub.
[   14.329158] cloud-init[940]: The key fingerprint is:
[   14.329178] cloud-init[940]: SHA256:uEVzYZGwqySS7dAbUsB6IND3OkE/kqvmA5v7Xk4qtmg root@ubuntu-xenial
[   14.329198] cloud-init[940]: The key's randomart image is:
[   14.329247] cloud-init[940]: +--[ED25519 256]--+
[   14.329322] cloud-init[940]: |oo.     ..+o     |
[   14.329359] cloud-init[940]: |o o.o    o..     |
[   14.329378] cloud-init[940]: |.o o.+  + .      |
[   14.329413] cloud-init[940]: |. .=+ +o +       |
[   14.329447] cloud-init[940]: | .= ==o.S        |
[   14.329485] cloud-init[940]: |.  =+= +         |
[   14.329521] cloud-init[940]: | + .=.o          |
[   14.329541] cloud-init[940]: |=E+=             |
[   14.329798] cloud-init[940]: |=O*..            |
[   14.329824] cloud-init[940]: +----[SHA256]-----+
] Started LSB: Set the CPU Frequency Scaling governor to "ondemand".
[[0;32m  OK  [0m] Started LSB: automatic crash report generation.
[   14.337841] cloud-init[1122]: Generating locales (this might take a while)...
         Starting Hold until boot process finishes up...
         Starting Terminate Plymouth Boot Screen...
         Starting OpenBSD Secure Shell server...
[[0;32m  OK  [0m] Started Hold until boot process finishes up.
[[0;32m  OK  [0m] Started Terminate Plymouth Boot Screen.
[[0;32m  OK  [0m] Started LSB: daemon to balance interrupts for SMP systems.
[[0;32m  OK  [0m] Started OpenBSD Secure Shell server.
[[0;32m  OK  [0m] Started Getty on tty1.
[[0;32m  OK  [0m] Started Serial Getty on ttyS0.
[[0;32m  OK  [0m] Reached target Login Prompts.
         Starting Set console scheme...
[[0;32m  OK  [0m] Started Set console scheme.
[   14.609832] cloud-init[1122]:   en_US.UTF-8... done
[   14.612427] cloud-init[1122]: Generation complete.
[   14.810785] cloud-init[1122]: Cloud-init v. 18.2 running 'modules:config' at Wed, 12 Sep 2018 21:09:52 +0000. Up 12.96 seconds.
[[0;32m  OK  [0m] Started Apply the settings specified in cloud-config.
[[0;32m  OK  [0m] Started Wait until snapd is fully seeded.
[[0;32m  OK  [0m] Reached target Multi-User System.
         Starting Execute cloud user/final scripts...
[[0;32m  OK  [0m] Reached target Graphical Interface.
         Starting Update UTMP about System Runlevel Changes...
[[0;32m  OK  [0m] Started Update UTMP about System Runlevel Changes.
ci-info: no authorized ssh keys fingerprints found for user ubuntu.
<14>Sep 12 21:09:55 ec2: 
<14>Sep 12 21:09:55 ec2: #############################################################
<14>Sep 12 21:09:55 ec2: -----BEGIN SSH HOST KEY FINGERPRINTS-----
<14>Sep 12 21:09:55 ec2: 1024 SHA256:VPPsJFdvRoJFayHs7ZWaLwYn6LvRtvo9aoE9dab8NHk root@ubuntu-xenial (DSA)
<14>Sep 12 21:09:55 ec2: 256 SHA256:kZz3I0Ybg9Rw8WmWKIOFvTpiTlKhuc663a6EgYTzF5s root@ubuntu-xenial (ECDSA)
<14>Sep 12 21:09:55 ec2: 256 SHA256:uEVzYZGwqySS7dAbUsB6IND3OkE/kqvmA5v7Xk4qtmg root@ubuntu-xenial (ED25519)
<14>Sep 12 21:09:55 ec2: 2048 SHA256:rTDvHXgJAO6QkA9ExlkNCid88gQcrXUvSQVlw96nknk root@ubuntu-xenial (RSA)
<14>Sep 12 21:09:55 ec2: -----END SSH HOST KEY FINGERPRINTS-----
<14>Sep 12 21:09:55 ec2: #############################################################
-----BEGIN SSH HOST KEY KEYS-----
ecdsa-sha2-nistp256 AAAAE2VjZHNhLXNoYTItbmlzdHAyNTYAAAAIbmlzdHAyNTYAAABBBAviMdgNgARxtNiCN0HI22+olqpNUb98+CeJDAskE7DqWndVN6eUd628iIMGoSqEQiZRl5h6nd7aOa0mbxI6xco= root@ubuntu-xenial
ssh-ed25519 AAAAC3NzaC1lZDI1NTE5AAAAINC6W3rlmViaarEeaXi08y2By23mBXhLrq51grAdsx0U root@ubuntu-xenial
ssh-rsa AAAAB3NzaC1yc2EAAAADAQABAAABAQC+NKXTVBRu3UWO2zhdhjY+yhJTBVoW1FWLgxbEBGft6ooixj+Oe0RVI4z+v8aA8ZdHZygD87J5JLBZoWWy3PMAxQuKB/Z0AiueY4sgumRheo+Jy34HBZC7shj9QfjxY2M/yxezKKHjXZZ2Eugng45jKGNHNpoOLbXrYZCYh+g8EXezD1zlondcT3hW1Ou7QFdn9J7+WcupmeFsj+YsndPX+ylWk/rPSjX/HS5+x1HHPMH1GDK1iAwfr7AberjflCNeZ7yvybJsEVZ8XzUMC9ZqU9x3gAJHDqHL4wqdBcznRqE80YVerxv07eAByHBfnTUd5d2C1kBSMNIN6l7/TbyX root@ubuntu-xenial
-----END SSH HOST KEY KEYS-----
[   15.894206] cloud-init[1313]: Cloud-init v. 18.2 running 'modules:final' at Wed, 12 Sep 2018 21:09:55 +0000. Up 15.39 seconds.
[[0;32m  OK  [0m] Started Execute cloud user/final scripts.
[[0;32m  OK  [0m] Reached target Cloud-init target.
[   15.944147] cloud-init[1313]: ci-info: no authorized ssh keys fingerprints found for user ubuntu.
[   16.184124] cloud-init[1313]: Cloud-init v. 18.2 finished at Wed, 12 Sep 2018 21:09:55 +0000. Datasource DataSourceNoCloud [seed=/dev/sdb][dsmode=net].  Up 15.88 seconds

Ubuntu 16.04.5 LTS ubuntu-xenial ttyS0

ubuntu-xenial login: 